<?xml version="1.0" encoding="UTF-8"?>
<!-- Generated by org.testng.reporters.JUnitReportReporter -->
<testsuite skipped="0" hostname="Yemis-MacBook-Air.local" name="restAssuredTest.Demo4_Delete_Request" tests="1" failures="0" timestamp="07 Oct 2019 14:06:33 GMT" time="2.469" errors="0">
  <testcase name="delete" time="2.469" classname="restAssuredTest.Demo4_Delete_Request"/>
</testsuite> <!-- restAssuredTest.Demo4_Delete_Request -->
