<?xml version="1.0" encoding="UTF-8"?>
<!-- Generated by org.testng.reporters.JUnitReportReporter -->
<testsuite skipped="0" hostname="Yemis-Air" name="restAssuredTest.Demo5_BasicValidation_XML" tests="5" failures="0" timestamp="13 Jun 2019 10:18:36 GMT" time="3.651" errors="0">
  <testcase name="testSingleContent" time="2.653" classname="restAssuredTest.Demo5_BasicValidation_XML"/>
  <testcase name="testMultipleContent" time="0.364" classname="restAssuredTest.Demo5_BasicValidation_XML"/>
  <testcase name="testMultipleContentInOneGo" time="0.183" classname="restAssuredTest.Demo5_BasicValidation_XML"/>
  <testcase name="testUsingXpath1" time="0.270" classname="restAssuredTest.Demo5_BasicValidation_XML"/>
  <testcase name="testUsingXpath2" time="0.181" classname="restAssuredTest.Demo5_BasicValidation_XML"/>
</testsuite> <!-- restAssuredTest.Demo5_BasicValidation_XML -->
