<?xml version="1.0" encoding="UTF-8"?>
<!-- Generated by org.testng.reporters.JUnitReportReporter -->
<testsuite skipped="0" hostname="Yemis-MacBook-Air.local" name="restAssuredTest.Get_List_User" tests="1" failures="0" timestamp="11 Jun 2019 09:41:41 GMT" time="3.075" errors="0">
  <testcase name="getListUser" time="3.075" classname="restAssuredTest.Get_List_User"/>
</testsuite> <!-- restAssuredTest.Get_List_User -->
