<?xml version="1.0" encoding="UTF-8"?>
<!-- Generated by org.testng.reporters.JUnitReportReporter -->
<testsuite skipped="0" hostname="Yemis-MacBook-Air.local" name="restAssuredTest.Demo3_PUT_Request" tests="1" failures="0" timestamp="07 Oct 2019 13:32:07 GMT" time="2.841" errors="0">
  <testcase name="testPUT" time="2.841" classname="restAssuredTest.Demo3_PUT_Request"/>
</testsuite> <!-- restAssuredTest.Demo3_PUT_Request -->
